Using pre-set license
Built from '2020.3/staging' branch; Version is '2020.3.16f1 (049d6eca3c44) revision 302446'; Using compiler version '192528614'; Build Type 'Release'
OS: 'Windows 10 Home Single Language; OS build 18363.720; Version 1909; 64bit' Language: 'es' Physical Memory: 8100 MB
BatchMode: 1, IsHumanControllingUs: 0, StartBugReporterOnCrash: 0, Is64bit: 1, IsPro: 0

 COMMAND LINE ARGUMENTS:
C:\Program Files\Unity\Hub\Editor\2020.3.16f1\Editor\Unity.exe
-adb2
-batchMode
-noUpm
-name
AssetImportWorker0
-projectPath
C:/Users/Brayan Rosell/Escritorio/UPN 2021-2/VIDEOJUEGOS/t1practica
-logFile
Logs/AssetImportWorker0.log
-srvPort
64295
Successfully changed project path to: C:/Users/Brayan Rosell/Escritorio/UPN 2021-2/VIDEOJUEGOS/t1practica
C:/Users/Brayan Rosell/Escritorio/UPN 2021-2/VIDEOJUEGOS/t1practica
Using Asset Import Pipeline V2.
Refreshing native plugins compatible for Editor in 208.39 ms, found 3 plugins.
Preloading 0 native plugins for Editor in 0.00 ms.
Initialize engine version: 2020.3.16f1 (049d6eca3c44)
[Subsystems] Discovering subsystems at path C:/Program Files/Unity/Hub/Editor/2020.3.16f1/Editor/Data/Resources/UnitySubsystems
[Subsystems] Discovering subsystems at path C:/Users/Brayan Rosell/Escritorio/UPN 2021-2/VIDEOJUEGOS/t1practica/Assets
GfxDevice: creating device client; threaded=0
Direct3D:
    Version:  Direct3D 11.0 [level 11.1]
    Renderer: Intel(R) UHD Graphics 620 (ID=0x5917)
    Vendor:   
    VRAM:     4050 MB
    Driver:   26.20.100.6999
Initialize mono
Mono path[0] = 'C:/Program Files/Unity/Hub/Editor/2020.3.16f1/Editor/Data/Managed'
Mono path[1] = 'C:/Program Files/Unity/Hub/Editor/2020.3.16f1/Editor/Data/MonoBleedingEdge/lib/mono/unityjit'
Mono config path = 'C:/Program Files/Unity/Hub/Editor/2020.3.16f1/Editor/Data/MonoBleedingEdge/etc'
Using monoOptions --debugger-agent=transport=dt_socket,embedding=1,server=y,suspend=n,address=127.0.0.1:56408
Begin MonoManager ReloadAssembly
Registering precompiled unity dll's ...
Register platform support module: C:/Program Files/Unity/Hub/Editor/2020.3.16f1/Editor/Data/PlaybackEngines/WebGLSupport/UnityEditor.WebGL.Extensions.dll
Register platform support module: C:/Program Files/Unity/Hub/Editor/2020.3.16f1/Editor/Data/PlaybackEngines/WindowsStandaloneSupport/UnityEditor.WindowsStandalone.Extensions.dll
Registered in 0.003709 seconds.
Native extension for WindowsStandalone target not found
Native extension for WebGL target not found
Refreshing native plugins compatible for Editor in 65.19 ms, found 3 plugins.
Preloading 0 native plugins for Editor in 0.00 ms.
Mono: successfully reloaded assembly
- Completed reload, in  4.838 seconds
Domain Reload Profiling:
	ReloadAssembly (4839ms)
		BeginReloadAssembly (324ms)
			ExecutionOrderSort (0ms)
			DisableScriptedObjects (0ms)
			BackupInstance (0ms)
			ReleaseScriptingObjects (0ms)
			CreateAndSetChildDomain (4ms)
		EndReloadAssembly (673ms)
			LoadAssemblies (308ms)
			RebuildTransferFunctionScriptingTraits (0ms)
			SetupTypeCache (247ms)
			ReleaseScriptCaches (0ms)
			RebuildScriptCaches (53ms)
			SetupLoadedEditorAssemblies (262ms)
				LogAssemblyErrors (0ms)
				InitializePlatformSupportModulesInManaged (8ms)
				SetLoadedEditorAssemblies (0ms)
				RefreshPlugins (65ms)
				BeforeProcessingInitializeOnLoad (24ms)
				ProcessInitializeOnLoadAttributes (123ms)
				ProcessInitializeOnLoadMethodAttributes (42ms)
				AfterProcessingInitializeOnLoad (0ms)
				EditorAssembliesLoaded (0ms)
			ExecutionOrderSort2 (0ms)
			AwakeInstancesAfterBackupRestoration (0ms)
Platform modules already initialized, skipping
Registering precompiled user dll's ...
Registered in 0.007615 seconds.
Begin MonoManager ReloadAssembly
Native extension for WindowsStandalone target not found
Native extension for WebGL target not found
Refreshing native plugins compatible for Editor in 65.30 ms, found 3 plugins.
Preloading 0 native plugins for Editor in 0.00 ms.
Mono: successfully reloaded assembly
- Completed reload, in  1.859 seconds
Domain Reload Profiling:
	ReloadAssembly (1861ms)
		BeginReloadAssembly (243ms)
			ExecutionOrderSort (0ms)
			DisableScriptedObjects (7ms)
			BackupInstance (0ms)
			ReleaseScriptingObjects (0ms)
			CreateAndSetChildDomain (37ms)
		EndReloadAssembly (1521ms)
			LoadAssemblies (153ms)
			RebuildTransferFunctionScriptingTraits (0ms)
			SetupTypeCache (457ms)
			ReleaseScriptCaches (1ms)
			RebuildScriptCaches (72ms)
			SetupLoadedEditorAssemblies (658ms)
				LogAssemblyErrors (0ms)
				InitializePlatformSupportModulesInManaged (7ms)
				SetLoadedEditorAssemblies (0ms)
				RefreshPlugins (65ms)
				BeforeProcessingInitializeOnLoad (122ms)
				ProcessInitializeOnLoadAttributes (435ms)
				ProcessInitializeOnLoadMethodAttributes (19ms)
				AfterProcessingInitializeOnLoad (10ms)
				EditorAssembliesLoaded (0ms)
			ExecutionOrderSort2 (0ms)
			AwakeInstancesAfterBackupRestoration (10ms)
Platform modules already initialized, skipping
========================================================================
Worker process is ready to serve import requests
Launched and connected shader compiler UnityShaderCompiler.exe after 0.09 seconds
Refreshing native plugins compatible for Editor in 0.57 ms, found 3 plugins.
Preloading 0 native plugins for Editor in 0.00 ms.
Unloading 2092 Unused Serialized files (Serialized files now loaded: 0)
System memory in use before: 93.1 MB.
System memory in use after: 93.2 MB.

Unloading 28 unused Assets to reduce memory usage. Loaded Objects now: 2529.
Total: 4.815800 ms (FindLiveObjects: 0.273100 ms CreateObjectMapping: 0.107400 ms MarkObjects: 4.330200 ms  DeleteObjects: 0.103500 ms)

AssetImportParameters requested are different than current active one (requested -> active):
  custom:framework-win-MediaFoundation: 216162199b28c13a410421893ffa2e32 -> 
  custom:video-decoder-ogg-theora: a1e56fd34408186e4bbccfd4996cb3dc -> 
  custom:container-muxer-webm: aa71ff27fc2769a1b78a27578f13a17b -> 
  custom:container-demuxer-webm: 4f35f7cbe854078d1ac9338744f61a02 -> 
  custom:container-demuxer-ogg: 62fdf1f143b41e24485cea50d1cbac27 -> 
  custom:video-encoder-webm-vp8: eb34c28f22e8b96e1ab97ce403110664 -> 
  custom:video-decoder-webm-vp8: 9c59270c3fd7afecdb556c50c9e8de78 -> 
  custom:audio-decoder-ogg-vorbis: bf7c407c2cedff20999df2af8eb42d56 -> 
  custom:audio-encoder-webm-vorbis: bf7c407c2cedff20999df2af8eb42d56 -> 
========================================================================
Received Import Request.
  path: Assets/ann/qui.anim
  artifactKey: Guid(6d26a70652ca3e147806f91e0af4574f) Importer(815301076,1909f56bfc062723c751e8b465ee728b)
Start importing Assets/ann/qui.anim using Guid(6d26a70652ca3e147806f91e0af4574f) Importer(815301076,1909f56bfc062723c751e8b465ee728b)  -> (artifact id: 'f2ad0427e6c2c8c9e596010917686899') in 0.078381 seconds 
  Import took 0.082834 seconds .

========================================================================
Received Import Request.
  Time since last request: 92.444375 seconds.
  path: Assets/ann/corre.anim
  artifactKey: Guid(aad556b476861b540a16a117944064f8) Importer(815301076,1909f56bfc062723c751e8b465ee728b)
Start importing Assets/ann/corre.anim using Guid(aad556b476861b540a16a117944064f8) Importer(815301076,1909f56bfc062723c751e8b465ee728b)  -> (artifact id: '65dc573b4c9ed7de2fc2d462ac979442') in 0.004079 seconds 
  Import took 0.008556 seconds .

========================================================================
Received Import Request.
  Time since last request: 5.059794 seconds.
  path: Assets/ann/controlador.controller
  artifactKey: Guid(6dcd5b534581cef44a035819ff92ceca) Importer(815301076,1909f56bfc062723c751e8b465ee728b)
Start importing Assets/ann/controlador.controller using Guid(6dcd5b534581cef44a035819ff92ceca) Importer(815301076,1909f56bfc062723c751e8b465ee728b)  -> (artifact id: '739c9cf0f715f08e5dbfef1ccc4dd6c3') in 0.006971 seconds 
  Import took 0.010418 seconds .

========================================================================
Received Import Request.
  Time since last request: 267.186983 seconds.
  path: Assets/ann
  artifactKey: Guid(980d979ea4a607b4093b22f9b89b6e12) Importer(815301076,1909f56bfc062723c751e8b465ee728b)
Start importing Assets/ann using Guid(980d979ea4a607b4093b22f9b89b6e12) Importer(815301076,1909f56bfc062723c751e8b465ee728b)  -> (artifact id: '4746c0674588b43c5dc63a3a75384f89') in 0.003026 seconds 
  Import took 0.007537 seconds .

========================================================================
Received Import Request.
  Time since last request: 0.006180 seconds.
  path: Assets/ann
  artifactKey: Guid(980d979ea4a607b4093b22f9b89b6e12) Importer(815301076,1909f56bfc062723c751e8b465ee728b)
Start importing Assets/ann using Guid(980d979ea4a607b4093b22f9b89b6e12) Importer(815301076,1909f56bfc062723c751e8b465ee728b)  -> (artifact id: '4746c0674588b43c5dc63a3a75384f89') in 0.001969 seconds 
  Import took 0.005581 seconds .

========================================================================
Received Import Request.
  Time since last request: 8.211629 seconds.
  path: Assets/anime
  artifactKey: Guid(980d979ea4a607b4093b22f9b89b6e12) Importer(815301076,1909f56bfc062723c751e8b465ee728b)
Start importing Assets/anime using Guid(980d979ea4a607b4093b22f9b89b6e12) Importer(815301076,1909f56bfc062723c751e8b465ee728b)  -> (artifact id: '6fcb4022dda175fba307bf3d7fa9cf26') in 0.002022 seconds 
  Import took 0.006722 seconds .

========================================================================
Received Import Request.
  Time since last request: 11.556727 seconds.
  path: Assets/animaciones
  artifactKey: Guid(980d979ea4a607b4093b22f9b89b6e12) Importer(815301076,1909f56bfc062723c751e8b465ee728b)
Start importing Assets/animaciones using Guid(980d979ea4a607b4093b22f9b89b6e12) Importer(815301076,1909f56bfc062723c751e8b465ee728b)  -> (artifact id: '398ac0ef92897bb36d6c66fd52adcc1a') in 0.003300 seconds 
  Import took 0.045778 seconds .

========================================================================
Received Import Request.
  Time since last request: 2.761035 seconds.
  path: Assets/png
  artifactKey: Guid(687e51564e1ce0f4b9f081b1646fcee9) Importer(815301076,1909f56bfc062723c751e8b465ee728b)
Start importing Assets/png using Guid(687e51564e1ce0f4b9f081b1646fcee9) Importer(815301076,1909f56bfc062723c751e8b465ee728b)  -> (artifact id: '5a82c7a00de3322bf3c7a685528b432c') in 0.002250 seconds 
  Import took 0.007312 seconds .

========================================================================
Received Import Request.
  Time since last request: 0.079100 seconds.
  path: Assets/png/Attack (1).png
  artifactKey: Guid(a3d01be0beabc214ebf4b814a3b610e1) Importer(815301076,1909f56bfc062723c751e8b465ee728b)
Start importing Assets/png/Attack (1).png using Guid(a3d01be0beabc214ebf4b814a3b610e1) Importer(815301076,1909f56bfc062723c751e8b465ee728b)  -> (artifact id: '8051768a321409eb64f490ba401bfcfa') in 0.443502 seconds 
  Import took 0.460509 seconds .

========================================================================
Received Import Request.
  Time since last request: 0.000497 seconds.
  path: Assets/png/Idle (8).png
  artifactKey: Guid(80619be9945201247a9666e6e7772bfe) Importer(815301076,1909f56bfc062723c751e8b465ee728b)
Start importing Assets/png/Idle (8).png using Guid(80619be9945201247a9666e6e7772bfe) Importer(815301076,1909f56bfc062723c751e8b465ee728b)  -> (artifact id: '34bbde387f9fe638736a3d4177388124') in 0.052158 seconds 
  Import took 0.056889 seconds .

========================================================================
Received Import Request.
  Time since last request: 0.000361 seconds.
  path: Assets/png/Jump (6).png
  artifactKey: Guid(23a25a3d0d826184eb33fd949b64921f) Importer(815301076,1909f56bfc062723c751e8b465ee728b)
Start importing Assets/png/Jump (6).png using Guid(23a25a3d0d826184eb33fd949b64921f) Importer(815301076,1909f56bfc062723c751e8b465ee728b)  -> (artifact id: '37be98a35655d9a2850cf64f7d5e1750') in 0.026689 seconds 
  Import took 0.062883 seconds .

========================================================================
Received Import Request.
  Time since last request: 0.000519 seconds.
  path: Assets/png/Jump (10).png
  artifactKey: Guid(6172b200ad56fba4babdd811df68a468) Importer(815301076,1909f56bfc062723c751e8b465ee728b)
Start importing Assets/png/Jump (10).png using Guid(6172b200ad56fba4babdd811df68a468) Importer(815301076,1909f56bfc062723c751e8b465ee728b)  -> (artifact id: '6b5237cefb4b4d2215c9b8319310ca6f') in 0.022836 seconds 
  Import took 0.034937 seconds .

========================================================================
Received Import Request.
  Time since last request: 0.000330 seconds.
  path: Assets/png/Idle (9).png
  artifactKey: Guid(901c519415e8690469507dc2b1ac27b2) Importer(815301076,1909f56bfc062723c751e8b465ee728b)
Start importing Assets/png/Idle (9).png using Guid(901c519415e8690469507dc2b1ac27b2) Importer(815301076,1909f56bfc062723c751e8b465ee728b)  -> (artifact id: '7455c58d61ac8e8370e810b353d6bb7f') in 0.023750 seconds 
  Import took 0.029593 seconds .

========================================================================
Received Import Request.
  Time since last request: 0.000335 seconds.
  path: Assets/png/Jump (3).png
  artifactKey: Guid(06e739f4c20b0494b824bf3543c5485b) Importer(815301076,1909f56bfc062723c751e8b465ee728b)
Start importing Assets/png/Jump (3).png using Guid(06e739f4c20b0494b824bf3543c5485b) Importer(815301076,1909f56bfc062723c751e8b465ee728b)  -> (artifact id: 'b5327ecc5630e94757c7e0e39a1f8206') in 0.024494 seconds 
  Import took 0.029387 seconds .

========================================================================
Received Import Request.
  Time since last request: 0.000387 seconds.
  path: Assets/png/Idle (2).png
  artifactKey: Guid(3efa160743a52da4d9c86caac8919f99) Importer(815301076,1909f56bfc062723c751e8b465ee728b)
Start importing Assets/png/Idle (2).png using Guid(3efa160743a52da4d9c86caac8919f99) Importer(815301076,1909f56bfc062723c751e8b465ee728b)  -> (artifact id: '6d0b81bc821f364905ed717fa939064b') in 0.019804 seconds 
  Import took 0.057749 seconds .

========================================================================
Received Import Request.
  Time since last request: 0.000547 seconds.
  path: Assets/png/JumpAttack (5).png
  artifactKey: Guid(7a8d81f2ef08df748b74b1e340b70cd0) Importer(815301076,1909f56bfc062723c751e8b465ee728b)
Start importing Assets/png/JumpAttack (5).png using Guid(7a8d81f2ef08df748b74b1e340b70cd0) Importer(815301076,1909f56bfc062723c751e8b465ee728b)  -> (artifact id: '50a74563f13fdd31c349cdfef5a02505') in 0.025413 seconds 
  Import took 0.033968 seconds .

========================================================================
Received Import Request.
  Time since last request: 0.000918 seconds.
  path: Assets/png/Attack (2).png
  artifactKey: Guid(a07288fbca0f4a54aba0c3bbfc43e53a) Importer(815301076,1909f56bfc062723c751e8b465ee728b)
Start importing Assets/png/Attack (2).png using Guid(a07288fbca0f4a54aba0c3bbfc43e53a) Importer(815301076,1909f56bfc062723c751e8b465ee728b)  -> (artifact id: '6e364d5912fe4e68105fb6a580651dc2') in 0.036804 seconds 
  Import took 0.070012 seconds .

========================================================================
Received Import Request.
  Time since last request: 0.000912 seconds.
  path: Assets/png/Dead (5).png
  artifactKey: Guid(54d56eca718b96b43a586a3527fae9a7) Importer(815301076,1909f56bfc062723c751e8b465ee728b)
Start importing Assets/png/Dead (5).png using Guid(54d56eca718b96b43a586a3527fae9a7) Importer(815301076,1909f56bfc062723c751e8b465ee728b)  -> (artifact id: '1df1b3a8c419e4e8e9670ab79e1d2107') in 0.037063 seconds 
  Import took 0.046115 seconds .

========================================================================
Received Import Request.
  Time since last request: 0.000365 seconds.
  path: Assets/png/Attack (8).png
  artifactKey: Guid(24a7b8572bc56f541805f448e53e26d2) Importer(815301076,1909f56bfc062723c751e8b465ee728b)
Start importing Assets/png/Attack (8).png using Guid(24a7b8572bc56f541805f448e53e26d2) Importer(815301076,1909f56bfc062723c751e8b465ee728b)  -> (artifact id: 'd3ba498aab200963802d955140ceaef6') in 0.026573 seconds 
  Import took 0.032696 seconds .

========================================================================
Received Import Request.
  Time since last request: 0.000238 seconds.
  path: Assets/png/Jump (2).png
  artifactKey: Guid(1ab9258aa5a396443b51b6b3c22be7d3) Importer(815301076,1909f56bfc062723c751e8b465ee728b)
Start importing Assets/png/Jump (2).png using Guid(1ab9258aa5a396443b51b6b3c22be7d3) Importer(815301076,1909f56bfc062723c751e8b465ee728b)  -> (artifact id: 'd0c8558fe6ada052fd035b8b393766ae') in 0.031199 seconds 
  Import took 0.035429 seconds .

========================================================================
Received Import Request.
  Time since last request: 0.000280 seconds.
  path: Assets/png/Attack (10).png
  artifactKey: Guid(2a0ed2c8d3cd7c84797ffe0eaf7b0405) Importer(815301076,1909f56bfc062723c751e8b465ee728b)
Start importing Assets/png/Attack (10).png using Guid(2a0ed2c8d3cd7c84797ffe0eaf7b0405) Importer(815301076,1909f56bfc062723c751e8b465ee728b)  -> (artifact id: '21e6173d541ba62f83aedaec62eeb2ac') in 0.028353 seconds 
  Import took 0.066490 seconds .

========================================================================
Received Import Request.
  Time since last request: 0.000638 seconds.
  path: Assets/png/Idle (5).png
  artifactKey: Guid(ae6d0a3a5890b724fb3971dd36ed437a) Importer(815301076,1909f56bfc062723c751e8b465ee728b)
Start importing Assets/png/Idle (5).png using Guid(ae6d0a3a5890b724fb3971dd36ed437a) Importer(815301076,1909f56bfc062723c751e8b465ee728b)  -> (artifact id: '34c5b3daf9d71617e239f6bdb876f0c3') in 0.104064 seconds 
  Import took 0.110410 seconds .

========================================================================
Received Import Request.
  Time since last request: 0.000247 seconds.
  path: Assets/png/Attack (9).png
  artifactKey: Guid(a8e34c665ea8d5241b2b750b1bd2c916) Importer(815301076,1909f56bfc062723c751e8b465ee728b)
Start importing Assets/png/Attack (9).png using Guid(a8e34c665ea8d5241b2b750b1bd2c916) Importer(815301076,1909f56bfc062723c751e8b465ee728b)  -> (artifact id: '01971914795c779a91822f067940c61c') in 0.048369 seconds 
  Import took 0.056981 seconds .

========================================================================
Received Import Request.
  Time since last request: 0.000361 seconds.
  path: Assets/png/Attack (3).png
  artifactKey: Guid(da80361073dcc6a44862e4c74aec37a6) Importer(815301076,1909f56bfc062723c751e8b465ee728b)
Start importing Assets/png/Attack (3).png using Guid(da80361073dcc6a44862e4c74aec37a6) Importer(815301076,1909f56bfc062723c751e8b465ee728b)  -> (artifact id: '72e04f5131352201471134cd5cdb6867') in 0.036748 seconds 
  Import took 0.045428 seconds .

========================================================================
Received Import Request.
  Time since last request: 0.000290 seconds.
  path: Assets/png/Jump (4).png
  artifactKey: Guid(4cb1686bce98159448e74f7f4e02c550) Importer(815301076,1909f56bfc062723c751e8b465ee728b)
Start importing Assets/png/Jump (4).png using Guid(4cb1686bce98159448e74f7f4e02c550) Importer(815301076,1909f56bfc062723c751e8b465ee728b)  -> (artifact id: 'dc9d600e34149298f3d05f0aa714b64c') in 0.057306 seconds 
  Import took 0.062632 seconds .

========================================================================
Received Import Request.
  Time since last request: 0.000498 seconds.
  path: Assets/png/Attack (3).png
  artifactKey: Guid(da80361073dcc6a44862e4c74aec37a6) Importer(815301076,1909f56bfc062723c751e8b465ee728b)
Start importing Assets/png/Attack (3).png using Guid(da80361073dcc6a44862e4c74aec37a6) Importer(815301076,1909f56bfc062723c751e8b465ee728b)  -> (artifact id: '72e04f5131352201471134cd5cdb6867') in 0.019509 seconds 
  Import took 0.025595 seconds .

========================================================================
Received Import Request.
  Time since last request: 0.000239 seconds.
  path: Assets/png/Jump (9).png
  artifactKey: Guid(8009a55ae178db940b023afb66fd3f86) Importer(815301076,1909f56bfc062723c751e8b465ee728b)
Start importing Assets/png/Jump (9).png using Guid(8009a55ae178db940b023afb66fd3f86) Importer(815301076,1909f56bfc062723c751e8b465ee728b)  -> (artifact id: 'e08103ce5a0898eee66981e4dafb9361') in 0.029350 seconds 
  Import took 0.047030 seconds .

========================================================================
Received Import Request.
  Time since last request: 0.000319 seconds.
  path: Assets/png/Idle (6).png
  artifactKey: Guid(7372c0fdff20b35498801a32683d76e6) Importer(815301076,1909f56bfc062723c751e8b465ee728b)
Start importing Assets/png/Idle (6).png using Guid(7372c0fdff20b35498801a32683d76e6) Importer(815301076,1909f56bfc062723c751e8b465ee728b)  -> (artifact id: '40969546f9faa2b02d25e51beb747a0c') in 0.021055 seconds 
  Import took 0.026766 seconds .

========================================================================
Received Import Request.
  Time since last request: 0.000516 seconds.
  path: Assets/png/Dead (7).png
  artifactKey: Guid(2c4f26bc66187a043859fbac8640ead8) Importer(815301076,1909f56bfc062723c751e8b465ee728b)
Start importing Assets/png/Dead (7).png using Guid(2c4f26bc66187a043859fbac8640ead8) Importer(815301076,1909f56bfc062723c751e8b465ee728b)  -> (artifact id: '294e0fb4390c41055420e406fdb8d60f') in 0.030244 seconds 
  Import took 0.062796 seconds .

========================================================================
Received Import Request.
  Time since last request: 0.000210 seconds.
  path: Assets/png/JumpAttack (2).png
  artifactKey: Guid(6396be2c64390cd40b6e83fbe51cbc3c) Importer(815301076,1909f56bfc062723c751e8b465ee728b)
Start importing Assets/png/JumpAttack (2).png using Guid(6396be2c64390cd40b6e83fbe51cbc3c) Importer(815301076,1909f56bfc062723c751e8b465ee728b)  -> (artifact id: '9095816c32ee0ccc92e008ac57939dd5') in 0.025151 seconds 
  Import took 0.036977 seconds .

========================================================================
Received Import Request.
  Time since last request: 0.000207 seconds.
  path: Assets/png/Idle (1).png
  artifactKey: Guid(d45ffa4496031cd4d85d5a46f4592fb4) Importer(815301076,1909f56bfc062723c751e8b465ee728b)
Start importing Assets/png/Idle (1).png using Guid(d45ffa4496031cd4d85d5a46f4592fb4) Importer(815301076,1909f56bfc062723c751e8b465ee728b)  -> (artifact id: 'a5e5706b1f0fde866881fbf32d7304a0') in 0.036500 seconds 
  Import took 0.041004 seconds .

========================================================================
Received Import Request.
  Time since last request: 0.000203 seconds.
  path: Assets/png/Jump (1).png
  artifactKey: Guid(f5f7cc20261604a438bec1ee935ae39f) Importer(815301076,1909f56bfc062723c751e8b465ee728b)
Start importing Assets/png/Jump (1).png using Guid(f5f7cc20261604a438bec1ee935ae39f) Importer(815301076,1909f56bfc062723c751e8b465ee728b)  -> (artifact id: '2cac38b388c8c1786b8481b6ec09bc60') in 0.024492 seconds 
  Import took 0.030387 seconds .

========================================================================
Received Import Request.
  Time since last request: 0.000405 seconds.
  path: Assets/png/Jump (7).png
  artifactKey: Guid(98958b6a0b47d7d4d9b07fadcf341725) Importer(815301076,1909f56bfc062723c751e8b465ee728b)
Start importing Assets/png/Jump (7).png using Guid(98958b6a0b47d7d4d9b07fadcf341725) Importer(815301076,1909f56bfc062723c751e8b465ee728b)  -> (artifact id: 'f1b177e2355818bec1ec43636e5069cd') in 0.021681 seconds 
  Import took 0.028617 seconds .

========================================================================
Received Import Request.
  Time since last request: 0.000338 seconds.
  path: Assets/png/Dead (1).png
  artifactKey: Guid(1daa76c7b2785b54cb459b58827c079f) Importer(815301076,1909f56bfc062723c751e8b465ee728b)
Start importing Assets/png/Dead (1).png using Guid(1daa76c7b2785b54cb459b58827c079f) Importer(815301076,1909f56bfc062723c751e8b465ee728b)  -> (artifact id: '7f84132f9379ed71f760ac3460a85c5d') in 0.024224 seconds 
  Import took 0.029826 seconds .

========================================================================
Received Import Request.
  Time since last request: 0.000395 seconds.
  path: Assets/png/Jump (8).png
  artifactKey: Guid(f8d0b087d961db249ba4febf395a6225) Importer(815301076,1909f56bfc062723c751e8b465ee728b)
Start importing Assets/png/Jump (8).png using Guid(f8d0b087d961db249ba4febf395a6225) Importer(815301076,1909f56bfc062723c751e8b465ee728b)  -> (artifact id: 'ad4ed221728cc2f62fb9c5b3f9e68099') in 0.024734 seconds 
  Import took 0.038268 seconds .

========================================================================
Received Import Request.
  Time since last request: 0.000349 seconds.
  path: Assets/png/Idle (10).png
  artifactKey: Guid(a2bd5adf58d10bd4faa116891a5a8ea9) Importer(815301076,1909f56bfc062723c751e8b465ee728b)
Start importing Assets/png/Idle (10).png using Guid(a2bd5adf58d10bd4faa116891a5a8ea9) Importer(815301076,1909f56bfc062723c751e8b465ee728b)  -> (artifact id: '45e1f9983b176efd8da859297c148e33') in 0.022631 seconds 
  Import took 0.028517 seconds .

========================================================================
Received Import Request.
  Time since last request: 0.000723 seconds.
  path: Assets/png/Dead (9).png
  artifactKey: Guid(0dfbc1e5507111e47826ad161520f0dd) Importer(815301076,1909f56bfc062723c751e8b465ee728b)
Start importing Assets/png/Dead (9).png using Guid(0dfbc1e5507111e47826ad161520f0dd) Importer(815301076,1909f56bfc062723c751e8b465ee728b)  -> (artifact id: '132120dff48f95c162387d25f6d483a6') in 0.026035 seconds 
  Import took 0.041943 seconds .

========================================================================
Received Import Request.
  Time since last request: 0.000241 seconds.
  path: Assets/png/JumpAttack (4).png
  artifactKey: Guid(04a978c8453ef4e4ca96c0ab4e3ab353) Importer(815301076,1909f56bfc062723c751e8b465ee728b)
Start importing Assets/png/JumpAttack (4).png using Guid(04a978c8453ef4e4ca96c0ab4e3ab353) Importer(815301076,1909f56bfc062723c751e8b465ee728b)  -> (artifact id: '5538c05baff31d44084772048a32f5bc') in 0.026849 seconds 
  Import took 0.031748 seconds .

========================================================================
Received Import Request.
  Time since last request: 0.000442 seconds.
  path: Assets/png/Dead (4).png
  artifactKey: Guid(e9a5eb2a83c1a9c42b994f81bc2eda8f) Importer(815301076,1909f56bfc062723c751e8b465ee728b)
Start importing Assets/png/Dead (4).png using Guid(e9a5eb2a83c1a9c42b994f81bc2eda8f) Importer(815301076,1909f56bfc062723c751e8b465ee728b)  -> (artifact id: 'dee33148b790065a86c9f132a40ac43a') in 0.031607 seconds 
  Import took 0.036011 seconds .

========================================================================
Received Import Request.
  Time since last request: 0.000221 seconds.
  path: Assets/png/Attack (5).png
  artifactKey: Guid(48535077da11c1b45af048aebc103000) Importer(815301076,1909f56bfc062723c751e8b465ee728b)
Start importing Assets/png/Attack (5).png using Guid(48535077da11c1b45af048aebc103000) Importer(815301076,1909f56bfc062723c751e8b465ee728b)  -> (artifact id: '04426dfc022ea25e11da7186023c297f') in 0.029460 seconds 
  Import took 0.046422 seconds .

========================================================================
Received Import Request.
  Time since last request: 0.000200 seconds.
  path: Assets/png/Attack (6).png
  artifactKey: Guid(4b6f4bdccc8490144941dabbbda97cee) Importer(815301076,1909f56bfc062723c751e8b465ee728b)
Start importing Assets/png/Attack (6).png using Guid(4b6f4bdccc8490144941dabbbda97cee) Importer(815301076,1909f56bfc062723c751e8b465ee728b)  -> (artifact id: '4e04a032aa13ae5ead2300427ebc0739') in 0.029132 seconds 
  Import took 0.098728 seconds .

========================================================================
Received Import Request.
  Time since last request: 0.000653 seconds.
  path: Assets/png/JumpAttack (1).png
  artifactKey: Guid(bb019fbeda90c204da0cc68d6c364cdb) Importer(815301076,1909f56bfc062723c751e8b465ee728b)
Start importing Assets/png/JumpAttack (1).png using Guid(bb019fbeda90c204da0cc68d6c364cdb) Importer(815301076,1909f56bfc062723c751e8b465ee728b)  -> (artifact id: 'a57b99db867acb0fd906c23df474b7e5') in 0.061260 seconds 
  Import took 0.068257 seconds .

========================================================================
Received Import Request.
  Time since last request: 0.000218 seconds.
  path: Assets/png/Dead (2).png
  artifactKey: Guid(43e68b38cf95ae34ca2be7fb47b640aa) Importer(815301076,1909f56bfc062723c751e8b465ee728b)
Start importing Assets/png/Dead (2).png using Guid(43e68b38cf95ae34ca2be7fb47b640aa) Importer(815301076,1909f56bfc062723c751e8b465ee728b)  -> (artifact id: 'f014519194fe5150271b20481eff496d') in 0.030428 seconds 
  Import took 0.034319 seconds .

========================================================================
Received Import Request.
  Time since last request: 0.000242 seconds.
  path: Assets/png/Dead (6).png
  artifactKey: Guid(a798154a1fbc37046b87186edcb01cfa) Importer(815301076,1909f56bfc062723c751e8b465ee728b)
Start importing Assets/png/Dead (6).png using Guid(a798154a1fbc37046b87186edcb01cfa) Importer(815301076,1909f56bfc062723c751e8b465ee728b)  -> (artifact id: 'ed4067c714f4729c5d413fc489784029') in 0.029933 seconds 
  Import took 0.034303 seconds .

========================================================================
Received Import Request.
  Time since last request: 0.000377 seconds.
  path: Assets/png/JumpAttack (3).png
  artifactKey: Guid(7aa544a3f6817ba4b861e4460abe7fc6) Importer(815301076,1909f56bfc062723c751e8b465ee728b)
Start importing Assets/png/JumpAttack (3).png using Guid(7aa544a3f6817ba4b861e4460abe7fc6) Importer(815301076,1909f56bfc062723c751e8b465ee728b)  -> (artifact id: '60395e2c51978c7be371e5ac58db75be') in 0.026762 seconds 
  Import took 0.045099 seconds .

========================================================================
Received Import Request.
  Time since last request: 0.000264 seconds.
  path: Assets/png/Attack (4).png
  artifactKey: Guid(feb44bf95b0fdb248a494024e5373647) Importer(815301076,1909f56bfc062723c751e8b465ee728b)
Start importing Assets/png/Attack (4).png using Guid(feb44bf95b0fdb248a494024e5373647) Importer(815301076,1909f56bfc062723c751e8b465ee728b)  -> (artifact id: 'b3945e513bb271863930ccb698e77004') in 0.023301 seconds 
  Import took 0.085496 seconds .

========================================================================
Received Import Request.
  Time since last request: 0.000777 seconds.
  path: Assets/png/Idle (4).png
  artifactKey: Guid(e68374229c7959d4d8f239743b8756ba) Importer(815301076,1909f56bfc062723c751e8b465ee728b)
Start importing Assets/png/Idle (4).png using Guid(e68374229c7959d4d8f239743b8756ba) Importer(815301076,1909f56bfc062723c751e8b465ee728b)  -> (artifact id: '17df122f46802f0a5ca3220be72df410') in 0.043051 seconds 
  Import took 0.051527 seconds .

========================================================================
Received Import Request.
  Time since last request: 0.000333 seconds.
  path: Assets/png/Jump (5).png
  artifactKey: Guid(0f20bcfca3754e2498dcf578c6934a55) Importer(815301076,1909f56bfc062723c751e8b465ee728b)
Start importing Assets/png/Jump (5).png using Guid(0f20bcfca3754e2498dcf578c6934a55) Importer(815301076,1909f56bfc062723c751e8b465ee728b)  -> (artifact id: '5713c668611cf673a4e06aca970f40a7') in 0.024575 seconds 
  Import took 0.029872 seconds .

========================================================================
Received Import Request.
  Time since last request: 0.000320 seconds.
  path: Assets/png/Dead (3).png
  artifactKey: Guid(5da3327937dd1dd4d8c6d7a6152824c8) Importer(815301076,1909f56bfc062723c751e8b465ee728b)
Start importing Assets/png/Dead (3).png using Guid(5da3327937dd1dd4d8c6d7a6152824c8) Importer(815301076,1909f56bfc062723c751e8b465ee728b)  -> (artifact id: 'b8cf63d19747d6db7c2ec21e5b0ccf37') in 0.030655 seconds 
  Import took 0.037637 seconds .

========================================================================
Received Import Request.
  Time since last request: 0.000411 seconds.
  path: Assets/png/Attack (7).png
  artifactKey: Guid(fcdfb5ba9a7843648b06f8065b47d3df) Importer(815301076,1909f56bfc062723c751e8b465ee728b)
Start importing Assets/png/Attack (7).png using Guid(fcdfb5ba9a7843648b06f8065b47d3df) Importer(815301076,1909f56bfc062723c751e8b465ee728b)  -> (artifact id: '6106ba04af28a751ce7156f3a1cf2a2a') in 0.031320 seconds 
  Import took 0.050732 seconds .

========================================================================
Received Import Request.
  Time since last request: 0.000404 seconds.
  path: Assets/png/Idle (3).png
  artifactKey: Guid(38f9b4256ec77db4e98b8a9f23be66b9) Importer(815301076,1909f56bfc062723c751e8b465ee728b)
Start importing Assets/png/Idle (3).png using Guid(38f9b4256ec77db4e98b8a9f23be66b9) Importer(815301076,1909f56bfc062723c751e8b465ee728b)  -> (artifact id: '3bdb5bae29b56f3708668220b919025d') in 0.023745 seconds 
  Import took 0.047415 seconds .

========================================================================
Received Import Request.
  Time since last request: 0.000704 seconds.
  path: Assets/png/Dead (10).png
  artifactKey: Guid(cb5e5b42b58848049adc44e1c7d4c757) Importer(815301076,1909f56bfc062723c751e8b465ee728b)
Start importing Assets/png/Dead (10).png using Guid(cb5e5b42b58848049adc44e1c7d4c757) Importer(815301076,1909f56bfc062723c751e8b465ee728b)  -> (artifact id: '8d4e2f5f51e43ca00c22245997bd70bd') in 0.028819 seconds 
  Import took 0.033639 seconds .

========================================================================
Received Import Request.
  Time since last request: 0.000252 seconds.
  path: Assets/png/Idle (7).png
  artifactKey: Guid(49561bbdf54c2f749805268c5a58087e) Importer(815301076,1909f56bfc062723c751e8b465ee728b)
Start importing Assets/png/Idle (7).png using Guid(49561bbdf54c2f749805268c5a58087e) Importer(815301076,1909f56bfc062723c751e8b465ee728b)  -> (artifact id: '07058fa45606c7e9861fa903a8c68d06') in 0.032307 seconds 
  Import took 0.061927 seconds .

========================================================================
Received Import Request.
  Time since last request: 0.000807 seconds.
  path: Assets/png/Dead (8).png
  artifactKey: Guid(6a2355dadf292f246966af0b2a347a3b) Importer(815301076,1909f56bfc062723c751e8b465ee728b)
Start importing Assets/png/Dead (8).png using Guid(6a2355dadf292f246966af0b2a347a3b) Importer(815301076,1909f56bfc062723c751e8b465ee728b)  -> (artifact id: 'e8a34a498829cf27ec13c747b715f20c') in 0.038063 seconds 
  Import took 0.047141 seconds .

========================================================================
Received Import Request.
  Time since last request: 0.005218 seconds.
  path: Assets/png/Dead (8).png
  artifactKey: Guid(6a2355dadf292f246966af0b2a347a3b) Importer(815301076,1909f56bfc062723c751e8b465ee728b)
Start importing Assets/png/Dead (8).png using Guid(6a2355dadf292f246966af0b2a347a3b) Importer(815301076,1909f56bfc062723c751e8b465ee728b)  -> (artifact id: 'e8a34a498829cf27ec13c747b715f20c') in 0.023051 seconds 
  Import took 0.028344 seconds .

========================================================================
Received Import Request.
  Time since last request: 11.333187 seconds.
  path: Assets/png/JumpAttack (6).png
  artifactKey: Guid(0e0914c847f045441baa668804f79cc8) Importer(815301076,1909f56bfc062723c751e8b465ee728b)
Start importing Assets/png/JumpAttack (6).png using Guid(0e0914c847f045441baa668804f79cc8) Importer(815301076,1909f56bfc062723c751e8b465ee728b)  -> (artifact id: '5b20dd589fdf16cb60ccca92496467bc') in 0.023988 seconds 
  Import took 0.027748 seconds .

========================================================================
Received Import Request.
  Time since last request: 0.000378 seconds.
  path: Assets/png/Run (1).png
  artifactKey: Guid(a82bbec446a2dc340b7c986dbf499326) Importer(815301076,1909f56bfc062723c751e8b465ee728b)
Start importing Assets/png/Run (1).png using Guid(a82bbec446a2dc340b7c986dbf499326) Importer(815301076,1909f56bfc062723c751e8b465ee728b)  -> (artifact id: 'fc3ae93ce883b0dddce32f617b60c886') in 0.031578 seconds 
  Import took 0.035545 seconds .

========================================================================
Received Import Request.
  Time since last request: 0.000257 seconds.
  path: Assets/png/Run (2).png
  artifactKey: Guid(504d3c997c5ccc047afd8083e0c86611) Importer(815301076,1909f56bfc062723c751e8b465ee728b)
Start importing Assets/png/Run (2).png using Guid(504d3c997c5ccc047afd8083e0c86611) Importer(815301076,1909f56bfc062723c751e8b465ee728b)  -> (artifact id: '254a4b25e70bb41a20ce243240eac439') in 0.028023 seconds 
  Import took 0.041868 seconds .

========================================================================
Received Import Request.
  Time since last request: 0.000496 seconds.
  path: Assets/png/Run (5).png
  artifactKey: Guid(521ca0b3dbfacd44b865c9b2f0d92271) Importer(815301076,1909f56bfc062723c751e8b465ee728b)
Start importing Assets/png/Run (5).png using Guid(521ca0b3dbfacd44b865c9b2f0d92271) Importer(815301076,1909f56bfc062723c751e8b465ee728b)  -> (artifact id: '7dff67c8966888a3c3c516912a25aa09') in 0.024230 seconds 
  Import took 0.028667 seconds .

========================================================================
Received Import Request.
  Time since last request: 0.000207 seconds.
  path: Assets/png/JumpAttack (8).png
  artifactKey: Guid(a1faee6701bdfe1479fcf1235c87b844) Importer(815301076,1909f56bfc062723c751e8b465ee728b)
Start importing Assets/png/JumpAttack (8).png using Guid(a1faee6701bdfe1479fcf1235c87b844) Importer(815301076,1909f56bfc062723c751e8b465ee728b)  -> (artifact id: 'fa659890d1927a87c11591b82b36a86f') in 0.024833 seconds 
  Import took 0.030268 seconds .

========================================================================
Received Import Request.
  Time since last request: 0.000569 seconds.
  path: Assets/png/Run (6).png
  artifactKey: Guid(1dd39d80e0fa83e4daa2b25f6eeafc35) Importer(815301076,1909f56bfc062723c751e8b465ee728b)
Start importing Assets/png/Run (6).png using Guid(1dd39d80e0fa83e4daa2b25f6eeafc35) Importer(815301076,1909f56bfc062723c751e8b465ee728b)  -> (artifact id: 'db66d5c4d38cac898d0e90d9fee5e88f') in 0.030411 seconds 
  Import took 0.035671 seconds .

========================================================================
Received Import Request.
  Time since last request: 0.000216 seconds.
  path: Assets/png/JumpAttack (7).png
  artifactKey: Guid(329a864714efe1a46aeace672edf2023) Importer(815301076,1909f56bfc062723c751e8b465ee728b)
Start importing Assets/png/JumpAttack (7).png using Guid(329a864714efe1a46aeace672edf2023) Importer(815301076,1909f56bfc062723c751e8b465ee728b)  -> (artifact id: 'c0969de327f41111729ae0daaf6c74a6') in 0.023517 seconds 
  Import took 0.031982 seconds .

========================================================================
Received Import Request.
  Time since last request: 0.000253 seconds.
  path: Assets/png/Run (3).png
  artifactKey: Guid(52c9772f73bac1e4190449ab80aace6b) Importer(815301076,1909f56bfc062723c751e8b465ee728b)
Start importing Assets/png/Run (3).png using Guid(52c9772f73bac1e4190449ab80aace6b) Importer(815301076,1909f56bfc062723c751e8b465ee728b)  -> (artifact id: '29acb8592db5131076f5524a4cd19aac') in 0.024964 seconds 
  Import took 0.051386 seconds .

========================================================================
Received Import Request.
  Time since last request: 0.000739 seconds.
  path: Assets/png/Run (4).png
  artifactKey: Guid(94715b9f11b3c9e4db62c05fea8bba0c) Importer(815301076,1909f56bfc062723c751e8b465ee728b)
Start importing Assets/png/Run (4).png using Guid(94715b9f11b3c9e4db62c05fea8bba0c) Importer(815301076,1909f56bfc062723c751e8b465ee728b)  -> (artifact id: '080569df74b3bce6311a1445f5d821c9') in 0.032924 seconds 
  Import took 0.042964 seconds .

========================================================================
Received Import Request.
  Time since last request: 0.000243 seconds.
  path: Assets/png/JumpAttack (10).png
  artifactKey: Guid(2b2790b9583eda44587302cfdc1145fa) Importer(815301076,1909f56bfc062723c751e8b465ee728b)
Start importing Assets/png/JumpAttack (10).png using Guid(2b2790b9583eda44587302cfdc1145fa) Importer(815301076,1909f56bfc062723c751e8b465ee728b)  -> (artifact id: '0214a3f148039f8c9035087111dcfec2') in 0.027215 seconds 
  Import took 0.030967 seconds .

========================================================================
Received Import Request.
  Time since last request: 0.000268 seconds.
  path: Assets/png/JumpAttack (9).png
  artifactKey: Guid(b2eb82d0ee1e98549952202fbfb908a1) Importer(815301076,1909f56bfc062723c751e8b465ee728b)
Start importing Assets/png/JumpAttack (9).png using Guid(b2eb82d0ee1e98549952202fbfb908a1) Importer(815301076,1909f56bfc062723c751e8b465ee728b)  -> (artifact id: '4c0e267df06eebd665848a2782b953b3') in 0.030233 seconds 
  Import took 0.034135 seconds .

========================================================================
Received Import Request.
  Time since last request: 0.004088 seconds.
  path: Assets/png/JumpAttack (9).png
  artifactKey: Guid(b2eb82d0ee1e98549952202fbfb908a1) Importer(815301076,1909f56bfc062723c751e8b465ee728b)
Start importing Assets/png/JumpAttack (9).png using Guid(b2eb82d0ee1e98549952202fbfb908a1) Importer(815301076,1909f56bfc062723c751e8b465ee728b)  -> (artifact id: '4c0e267df06eebd665848a2782b953b3') in 0.024882 seconds 
  Import took 0.028699 seconds .

========================================================================
Received Import Request.
  Time since last request: 60.818357 seconds.
  path: Assets/png/Run (7).png
  artifactKey: Guid(b4abf02ed36f69e48994c53a6e5071b6) Importer(815301076,1909f56bfc062723c751e8b465ee728b)
Start importing Assets/png/Run (7).png using Guid(b4abf02ed36f69e48994c53a6e5071b6) Importer(815301076,1909f56bfc062723c751e8b465ee728b)  -> (artifact id: '5774784257db749231f28ae44ed429b9') in 0.043020 seconds 
  Import took 0.048438 seconds .

========================================================================
Received Import Request.
  Time since last request: 0.000361 seconds.
  path: Assets/png/Run (9).png
  artifactKey: Guid(6e2cec1accc42074c8f5e6e5bce1dbd0) Importer(815301076,1909f56bfc062723c751e8b465ee728b)
Start importing Assets/png/Run (9).png using Guid(6e2cec1accc42074c8f5e6e5bce1dbd0) Importer(815301076,1909f56bfc062723c751e8b465ee728b)  -> (artifact id: '6a2bbb944f12486074e0f2eb0f8c7639') in 0.035922 seconds 
  Import took 0.050718 seconds .

========================================================================
Received Import Request.
  Time since last request: 0.000340 seconds.
  path: Assets/png/Walk (5).png
  artifactKey: Guid(b973a884baecfec48942dad3656856b8) Importer(815301076,1909f56bfc062723c751e8b465ee728b)
Start importing Assets/png/Walk (5).png using Guid(b973a884baecfec48942dad3656856b8) Importer(815301076,1909f56bfc062723c751e8b465ee728b)  -> (artifact id: '43490568989fb8c5445a2e794b50247f') in 0.032824 seconds 
  Import took 0.037974 seconds .

========================================================================
Received Import Request.
  Time since last request: 0.000310 seconds.
  path: Assets/png/Walk (4).png
  artifactKey: Guid(3874fd06b8770634f9cf7aae72e1da65) Importer(815301076,1909f56bfc062723c751e8b465ee728b)
Start importing Assets/png/Walk (4).png using Guid(3874fd06b8770634f9cf7aae72e1da65) Importer(815301076,1909f56bfc062723c751e8b465ee728b)  -> (artifact id: '128a9eaa2d0c0a76da2ba976bc04872e') in 0.024769 seconds 
  Import took 0.029508 seconds .

========================================================================
Received Import Request.
  Time since last request: 0.000311 seconds.
  path: Assets/png/Walk (7).png
  artifactKey: Guid(3751da768e1c9b9419c077fc11cf8bfc) Importer(815301076,1909f56bfc062723c751e8b465ee728b)
Start importing Assets/png/Walk (7).png using Guid(3751da768e1c9b9419c077fc11cf8bfc) Importer(815301076,1909f56bfc062723c751e8b465ee728b)  -> (artifact id: '80f2bd65379bb477e4e1f05d76114211') in 0.024886 seconds 
  Import took 0.030417 seconds .

========================================================================
Received Import Request.
  Time since last request: 0.000473 seconds.
  path: Assets/png/Run (8).png
  artifactKey: Guid(b5015e9ec05c17b45a6e1d2ba725313d) Importer(815301076,1909f56bfc062723c751e8b465ee728b)
Start importing Assets/png/Run (8).png using Guid(b5015e9ec05c17b45a6e1d2ba725313d) Importer(815301076,1909f56bfc062723c751e8b465ee728b)  -> (artifact id: '3ff2d66850d7c1805b0722ee06758db8') in 0.026611 seconds 
  Import took 0.033275 seconds .

========================================================================
Received Import Request.
  Time since last request: 0.000271 seconds.
  path: Assets/png/Walk (6).png
  artifactKey: Guid(c6863fe4b377abb47bcefc2c2bdd5d1b) Importer(815301076,1909f56bfc062723c751e8b465ee728b)
Start importing Assets/png/Walk (6).png using Guid(c6863fe4b377abb47bcefc2c2bdd5d1b) Importer(815301076,1909f56bfc062723c751e8b465ee728b)  -> (artifact id: 'ed06213696b2cdb9248a5e67415db117') in 0.029678 seconds 
  Import took 0.033251 seconds .

========================================================================
Received Import Request.
  Time since last request: 0.000274 seconds.
  path: Assets/png/Run (10).png
  artifactKey: Guid(a2e4bab3d0c5e2c4cae322212214281a) Importer(815301076,1909f56bfc062723c751e8b465ee728b)
Start importing Assets/png/Run (10).png using Guid(a2e4bab3d0c5e2c4cae322212214281a) Importer(815301076,1909f56bfc062723c751e8b465ee728b)  -> (artifact id: '5c0d84b6ec392bbe2cb0a70632ba4b18') in 0.027395 seconds 
  Import took 0.054497 seconds .

========================================================================
Received Import Request.
  Time since last request: 0.000303 seconds.
  path: Assets/png/Walk (2).png
  artifactKey: Guid(dc50ab7c28426da44971af0a7b335a30) Importer(815301076,1909f56bfc062723c751e8b465ee728b)
Start importing Assets/png/Walk (2).png using Guid(dc50ab7c28426da44971af0a7b335a30) Importer(815301076,1909f56bfc062723c751e8b465ee728b)  -> (artifact id: '5e7d81879fffa67df5eb38e44a3f9cf7') in 0.025863 seconds 
  Import took 0.029295 seconds .

========================================================================
Received Import Request.
  Time since last request: 0.000239 seconds.
  path: Assets/png/Walk (3).png
  artifactKey: Guid(0df7f0682dd608441b51850213cccc45) Importer(815301076,1909f56bfc062723c751e8b465ee728b)
Start importing Assets/png/Walk (3).png using Guid(0df7f0682dd608441b51850213cccc45) Importer(815301076,1909f56bfc062723c751e8b465ee728b)  -> (artifact id: '30b479a09d370481253a1d42c02169f0') in 0.026298 seconds 
  Import took 0.032124 seconds .

========================================================================
Received Import Request.
  Time since last request: 0.000305 seconds.
  path: Assets/png/Walk (1).png
  artifactKey: Guid(f750377a55665f9488d48dbcaaac77e8) Importer(815301076,1909f56bfc062723c751e8b465ee728b)
Start importing Assets/png/Walk (1).png using Guid(f750377a55665f9488d48dbcaaac77e8) Importer(815301076,1909f56bfc062723c751e8b465ee728b)  -> (artifact id: '1ee07c6c7af53cef6ce7defe5fc87284') in 0.028152 seconds 
  Import took 0.055896 seconds .

========================================================================
Received Import Request.
  Time since last request: 1.436766 seconds.
  path: Assets/png/Walk (8).png
  artifactKey: Guid(48deccb08ed7afa4db122bda4f4d1751) Importer(815301076,1909f56bfc062723c751e8b465ee728b)
Start importing Assets/png/Walk (8).png using Guid(48deccb08ed7afa4db122bda4f4d1751) Importer(815301076,1909f56bfc062723c751e8b465ee728b)  -> (artifact id: '9b4f89fe432436439ed444f130a5fa15') in 0.020231 seconds 
  Import took 0.036203 seconds .

========================================================================
Received Import Request.
  Time since last request: 0.000332 seconds.
  path: Assets/png/Walk (10).png
  artifactKey: Guid(dd4b5e972e671b34da1065836c0cbe04) Importer(815301076,1909f56bfc062723c751e8b465ee728b)
Start importing Assets/png/Walk (10).png using Guid(dd4b5e972e671b34da1065836c0cbe04) Importer(815301076,1909f56bfc062723c751e8b465ee728b)  -> (artifact id: '10d068617353974d151d461c2609e460') in 0.027742 seconds 
  Import took 0.030934 seconds .

========================================================================
Received Import Request.
  Time since last request: 0.000338 seconds.
  path: Assets/png/Walk (9).png
  artifactKey: Guid(b49d1f8e78419564ba13b1d6eab38f88) Importer(815301076,1909f56bfc062723c751e8b465ee728b)
Start importing Assets/png/Walk (9).png using Guid(b49d1f8e78419564ba13b1d6eab38f88) Importer(815301076,1909f56bfc062723c751e8b465ee728b)  -> (artifact id: 'efd9e788c15b551b9a772134e2e45ba3') in 0.029559 seconds 
  Import took 0.033412 seconds .

========================================================================
Received Import Request.
  Time since last request: 144.348958 seconds.
  path: Assets/animaciones/Attack (1).controller
  artifactKey: Guid(44b15d2a2053135409e6a9d9880d114c) Importer(815301076,1909f56bfc062723c751e8b465ee728b)
Start importing Assets/animaciones/Attack (1).controller using Guid(44b15d2a2053135409e6a9d9880d114c) Importer(815301076,1909f56bfc062723c751e8b465ee728b)  -> (artifact id: '599d48c474377d89224cd4d48abdb968') in 0.005328 seconds 
  Import took 0.010408 seconds .

========================================================================
Received Import Request.
  Time since last request: 0.000350 seconds.
  path: Assets/animaciones/Attack (1).controller
  artifactKey: Guid(44b15d2a2053135409e6a9d9880d114c) Importer(815301076,1909f56bfc062723c751e8b465ee728b)
Start importing Assets/animaciones/Attack (1).controller using Guid(44b15d2a2053135409e6a9d9880d114c) Importer(815301076,1909f56bfc062723c751e8b465ee728b)  -> (artifact id: '599d48c474377d89224cd4d48abdb968') in 0.002457 seconds 
  Import took 0.006266 seconds .

========================================================================
Received Import Request.
  Time since last request: 8.676900 seconds.
  path: Assets/animaciones/Idle (1).controller
  artifactKey: Guid(1fd043de157a5384689eed4b62588da5) Importer(815301076,1909f56bfc062723c751e8b465ee728b)
Start importing Assets/animaciones/Idle (1).controller using Guid(1fd043de157a5384689eed4b62588da5) Importer(815301076,1909f56bfc062723c751e8b465ee728b)  -> (artifact id: 'b841e483b7efa71d1283d65a53cd4050') in 0.006095 seconds 
  Import took 0.010009 seconds .

========================================================================
Received Import Request.
  Time since last request: 0.000845 seconds.
  path: Assets/animaciones/Idle (1).controller
  artifactKey: Guid(1fd043de157a5384689eed4b62588da5) Importer(815301076,1909f56bfc062723c751e8b465ee728b)
Start importing Assets/animaciones/Idle (1).controller using Guid(1fd043de157a5384689eed4b62588da5) Importer(815301076,1909f56bfc062723c751e8b465ee728b)  -> (artifact id: 'b841e483b7efa71d1283d65a53cd4050') in 0.002554 seconds 
  Import took 0.007017 seconds .

========================================================================
Received Import Request.
  Time since last request: 8.546532 seconds.
  path: Assets/animaciones/controller.controller
  artifactKey: Guid(1fd043de157a5384689eed4b62588da5) Importer(815301076,1909f56bfc062723c751e8b465ee728b)
Start importing Assets/animaciones/controller.controller using Guid(1fd043de157a5384689eed4b62588da5) Importer(815301076,1909f56bfc062723c751e8b465ee728b)  -> (artifact id: 'a7e94752302bb14d01cd40558f2f7df3') in 0.010509 seconds 
  Import took 0.014577 seconds .

========================================================================
Received Prepare
Registering precompiled user dll's ...
Registered in 0.153134 seconds.
Begin MonoManager ReloadAssembly
Native extension for WindowsStandalone target not found
Native extension for WebGL target not found
Refreshing native plugins compatible for Editor in 0.76 ms, found 3 plugins.
Preloading 0 native plugins for Editor in 0.00 ms.
Mono: successfully reloaded assembly
- Completed reload, in  1.739 seconds
Domain Reload Profiling:
	ReloadAssembly (1740ms)
		BeginReloadAssembly (184ms)
			ExecutionOrderSort (0ms)
			DisableScriptedObjects (14ms)
			BackupInstance (0ms)
			ReleaseScriptingObjects (0ms)
			CreateAndSetChildDomain (61ms)
		EndReloadAssembly (1457ms)
			LoadAssemblies (162ms)
			RebuildTransferFunctionScriptingTraits (0ms)
			SetupTypeCache (473ms)
			ReleaseScriptCaches (2ms)
			RebuildScriptCaches (66ms)
			SetupLoadedEditorAssemblies (598ms)
				LogAssemblyErrors (0ms)
				InitializePlatformSupportModulesInManaged (8ms)
				SetLoadedEditorAssemblies (1ms)
				RefreshPlugins (1ms)
				BeforeProcessingInitializeOnLoad (126ms)
				ProcessInitializeOnLoadAttributes (443ms)
				ProcessInitializeOnLoadMethodAttributes (8ms)
				AfterProcessingInitializeOnLoad (10ms)
				EditorAssembliesLoaded (0ms)
			ExecutionOrderSort2 (0ms)
			AwakeInstancesAfterBackupRestoration (16ms)
Platform modules already initialized, skipping
Refreshing native plugins compatible for Editor in 1.00 ms, found 3 plugins.
Preloading 0 native plugins for Editor in 0.00 ms.
Unloading 2082 Unused Serialized files (Serialized files now loaded: 0)
System memory in use before: 95.6 MB.
System memory in use after: 95.7 MB.

Unloading 16 unused Assets to reduce memory usage. Loaded Objects now: 2540.
Total: 6.447300 ms (FindLiveObjects: 0.247100 ms CreateObjectMapping: 0.120300 ms MarkObjects: 6.026300 ms  DeleteObjects: 0.051300 ms)

AssetImportParameters requested are different than current active one (requested -> active):
  custom:framework-win-MediaFoundation: 216162199b28c13a410421893ffa2e32 -> 
  custom:video-decoder-ogg-theora: a1e56fd34408186e4bbccfd4996cb3dc -> 
  custom:container-muxer-webm: aa71ff27fc2769a1b78a27578f13a17b -> 
  custom:container-demuxer-webm: 4f35f7cbe854078d1ac9338744f61a02 -> 
  custom:container-demuxer-ogg: 62fdf1f143b41e24485cea50d1cbac27 -> 
  custom:video-encoder-webm-vp8: eb34c28f22e8b96e1ab97ce403110664 -> 
  custom:video-decoder-webm-vp8: 9c59270c3fd7afecdb556c50c9e8de78 -> 
  custom:audio-decoder-ogg-vorbis: bf7c407c2cedff20999df2af8eb42d56 -> 
  custom:audio-encoder-webm-vorbis: bf7c407c2cedff20999df2af8eb42d56 -> 
========================================================================
Received Prepare
Registering precompiled user dll's ...
Registered in 0.004868 seconds.
Begin MonoManager ReloadAssembly
Native extension for WindowsStandalone target not found
Native extension for WebGL target not found
Refreshing native plugins compatible for Editor in 0.58 ms, found 3 plugins.
Preloading 0 native plugins for Editor in 0.00 ms.
Mono: successfully reloaded assembly
- Completed reload, in  1.193 seconds
Domain Reload Profiling:
	ReloadAssembly (1194ms)
		BeginReloadAssembly (115ms)
			ExecutionOrderSort (0ms)
			DisableScriptedObjects (7ms)
			BackupInstance (0ms)
			ReleaseScriptingObjects (0ms)
			CreateAndSetChildDomain (37ms)
		EndReloadAssembly (1010ms)
			LoadAssemblies (98ms)
			RebuildTransferFunctionScriptingTraits (0ms)
			SetupTypeCache (308ms)
			ReleaseScriptCaches (1ms)
			RebuildScriptCaches (45ms)
			SetupLoadedEditorAssemblies (446ms)
				LogAssemblyErrors (0ms)
				InitializePlatformSupportModulesInManaged (6ms)
				SetLoadedEditorAssemblies (0ms)
				RefreshPlugins (1ms)
				BeforeProcessingInitializeOnLoad (92ms)
				ProcessInitializeOnLoadAttributes (334ms)
				ProcessInitializeOnLoadMethodAttributes (6ms)
				AfterProcessingInitializeOnLoad (7ms)
				EditorAssembliesLoaded (0ms)
			ExecutionOrderSort2 (0ms)
			AwakeInstancesAfterBackupRestoration (11ms)
Platform modules already initialized, skipping
Refreshing native plugins compatible for Editor in 0.47 ms, found 3 plugins.
Preloading 0 native plugins for Editor in 0.00 ms.
Unloading 2082 Unused Serialized files (Serialized files now loaded: 0)
System memory in use before: 95.6 MB.
System memory in use after: 95.7 MB.

Unloading 16 unused Assets to reduce memory usage. Loaded Objects now: 2543.
Total: 4.315300 ms (FindLiveObjects: 0.536500 ms CreateObjectMapping: 0.233300 ms MarkObjects: 3.512600 ms  DeleteObjects: 0.031200 ms)

AssetImportParameters requested are different than current active one (requested -> active):
  custom:framework-win-MediaFoundation: 216162199b28c13a410421893ffa2e32 -> 
  custom:video-decoder-ogg-theora: a1e56fd34408186e4bbccfd4996cb3dc -> 
  custom:container-muxer-webm: aa71ff27fc2769a1b78a27578f13a17b -> 
  custom:container-demuxer-webm: 4f35f7cbe854078d1ac9338744f61a02 -> 
  custom:container-demuxer-ogg: 62fdf1f143b41e24485cea50d1cbac27 -> 
  custom:video-encoder-webm-vp8: eb34c28f22e8b96e1ab97ce403110664 -> 
  custom:video-decoder-webm-vp8: 9c59270c3fd7afecdb556c50c9e8de78 -> 
  custom:audio-decoder-ogg-vorbis: bf7c407c2cedff20999df2af8eb42d56 -> 
  custom:audio-encoder-webm-vorbis: bf7c407c2cedff20999df2af8eb42d56 -> 
========================================================================
Received Prepare
Registering precompiled user dll's ...
Registered in 0.006035 seconds.
Begin MonoManager ReloadAssembly
Native extension for WindowsStandalone target not found
Native extension for WebGL target not found
Refreshing native plugins compatible for Editor in 0.52 ms, found 3 plugins.
Preloading 0 native plugins for Editor in 0.00 ms.
Mono: successfully reloaded assembly
- Completed reload, in  1.310 seconds
Domain Reload Profiling:
	ReloadAssembly (1311ms)
		BeginReloadAssembly (132ms)
			ExecutionOrderSort (0ms)
			DisableScriptedObjects (10ms)
			BackupInstance (0ms)
			ReleaseScriptingObjects (0ms)
			CreateAndSetChildDomain (44ms)
		EndReloadAssembly (1105ms)
			LoadAssemblies (107ms)
			RebuildTransferFunctionScriptingTraits (0ms)
			SetupTypeCache (318ms)
			ReleaseScriptCaches (1ms)
			RebuildScriptCaches (47ms)
			SetupLoadedEditorAssemblies (520ms)
				LogAssemblyErrors (0ms)
				InitializePlatformSupportModulesInManaged (7ms)
				SetLoadedEditorAssemblies (0ms)
				RefreshPlugins (1ms)
				BeforeProcessingInitializeOnLoad (89ms)
				ProcessInitializeOnLoadAttributes (411ms)
				ProcessInitializeOnLoadMethodAttributes (5ms)
				AfterProcessingInitializeOnLoad (7ms)
				EditorAssembliesLoaded (0ms)
			ExecutionOrderSort2 (0ms)
			AwakeInstancesAfterBackupRestoration (13ms)
Platform modules already initialized, skipping
Refreshing native plugins compatible for Editor in 0.49 ms, found 3 plugins.
Preloading 0 native plugins for Editor in 0.00 ms.
Unloading 2082 Unused Serialized files (Serialized files now loaded: 0)
System memory in use before: 95.6 MB.
System memory in use after: 95.8 MB.

Unloading 16 unused Assets to reduce memory usage. Loaded Objects now: 2546.
Total: 4.023000 ms (FindLiveObjects: 0.222200 ms CreateObjectMapping: 0.092700 ms MarkObjects: 3.681200 ms  DeleteObjects: 0.025300 ms)

AssetImportParameters requested are different than current active one (requested -> active):
  custom:framework-win-MediaFoundation: 216162199b28c13a410421893ffa2e32 -> 
  custom:video-decoder-ogg-theora: a1e56fd34408186e4bbccfd4996cb3dc -> 
  custom:container-muxer-webm: aa71ff27fc2769a1b78a27578f13a17b -> 
  custom:container-demuxer-webm: 4f35f7cbe854078d1ac9338744f61a02 -> 
  custom:container-demuxer-ogg: 62fdf1f143b41e24485cea50d1cbac27 -> 
  custom:video-encoder-webm-vp8: eb34c28f22e8b96e1ab97ce403110664 -> 
  custom:video-decoder-webm-vp8: 9c59270c3fd7afecdb556c50c9e8de78 -> 
  custom:audio-decoder-ogg-vorbis: bf7c407c2cedff20999df2af8eb42d56 -> 
  custom:audio-encoder-webm-vorbis: bf7c407c2cedff20999df2af8eb42d56 -> 
========================================================================
Received Prepare
Registering precompiled user dll's ...
Registered in 0.004669 seconds.
Begin MonoManager ReloadAssembly
Native extension for WindowsStandalone target not found
Native extension for WebGL target not found
Refreshing native plugins compatible for Editor in 0.53 ms, found 3 plugins.
Preloading 0 native plugins for Editor in 0.00 ms.
Mono: successfully reloaded assembly
- Completed reload, in  1.336 seconds
Domain Reload Profiling:
	ReloadAssembly (1336ms)
		BeginReloadAssembly (114ms)
			ExecutionOrderSort (0ms)
			DisableScriptedObjects (7ms)
			BackupInstance (0ms)
			ReleaseScriptingObjects (0ms)
			CreateAndSetChildDomain (37ms)
		EndReloadAssembly (1151ms)
			LoadAssemblies (100ms)
			RebuildTransferFunctionScriptingTraits (0ms)
			SetupTypeCache (386ms)
			ReleaseScriptCaches (1ms)
			RebuildScriptCaches (73ms)
			SetupLoadedEditorAssemblies (453ms)
				LogAssemblyErrors (0ms)
				InitializePlatformSupportModulesInManaged (6ms)
				SetLoadedEditorAssemblies (0ms)
				RefreshPlugins (1ms)
				BeforeProcessingInitializeOnLoad (91ms)
				ProcessInitializeOnLoadAttributes (340ms)
				ProcessInitializeOnLoadMethodAttributes (6ms)
				AfterProcessingInitializeOnLoad (9ms)
				EditorAssembliesLoaded (0ms)
			ExecutionOrderSort2 (0ms)
			AwakeInstancesAfterBackupRestoration (13ms)
Platform modules already initialized, skipping
Refreshing native plugins compatible for Editor in 0.49 ms, found 3 plugins.
Preloading 0 native plugins for Editor in 0.00 ms.
Unloading 2082 Unused Serialized files (Serialized files now loaded: 0)
System memory in use before: 95.7 MB.
System memory in use after: 95.8 MB.

Unloading 16 unused Assets to reduce memory usage. Loaded Objects now: 2549.
Total: 3.325000 ms (FindLiveObjects: 0.202600 ms CreateObjectMapping: 0.088400 ms MarkObjects: 3.010200 ms  DeleteObjects: 0.022100 ms)

AssetImportParameters requested are different than current active one (requested -> active):
  custom:framework-win-MediaFoundation: 216162199b28c13a410421893ffa2e32 -> 
  custom:video-decoder-ogg-theora: a1e56fd34408186e4bbccfd4996cb3dc -> 
  custom:container-muxer-webm: aa71ff27fc2769a1b78a27578f13a17b -> 
  custom:container-demuxer-webm: 4f35f7cbe854078d1ac9338744f61a02 -> 
  custom:container-demuxer-ogg: 62fdf1f143b41e24485cea50d1cbac27 -> 
  custom:video-encoder-webm-vp8: eb34c28f22e8b96e1ab97ce403110664 -> 
  custom:video-decoder-webm-vp8: 9c59270c3fd7afecdb556c50c9e8de78 -> 
  custom:audio-decoder-ogg-vorbis: bf7c407c2cedff20999df2af8eb42d56 -> 
  custom:audio-encoder-webm-vorbis: bf7c407c2cedff20999df2af8eb42d56 -> 
========================================================================
Received Prepare
Registering precompiled user dll's ...
Registered in 0.004797 seconds.
Begin MonoManager ReloadAssembly
Native extension for WindowsStandalone target not found
Native extension for WebGL target not found
Refreshing native plugins compatible for Editor in 0.50 ms, found 3 plugins.
Preloading 0 native plugins for Editor in 0.00 ms.
Mono: successfully reloaded assembly
- Completed reload, in  1.339 seconds
Domain Reload Profiling:
	ReloadAssembly (1340ms)
		BeginReloadAssembly (114ms)
			ExecutionOrderSort (0ms)
			DisableScriptedObjects (7ms)
			BackupInstance (0ms)
			ReleaseScriptingObjects (0ms)
			CreateAndSetChildDomain (36ms)
		EndReloadAssembly (1155ms)
			LoadAssemblies (103ms)
			RebuildTransferFunctionScriptingTraits (0ms)
			SetupTypeCache (422ms)
			ReleaseScriptCaches (1ms)
			RebuildScriptCaches (70ms)
			SetupLoadedEditorAssemblies (433ms)
				LogAssemblyErrors (0ms)
				InitializePlatformSupportModulesInManaged (6ms)
				SetLoadedEditorAssemblies (0ms)
				RefreshPlugins (1ms)
				BeforeProcessingInitializeOnLoad (89ms)
				ProcessInitializeOnLoadAttributes (324ms)
				ProcessInitializeOnLoadMethodAttributes (5ms)
				AfterProcessingInitializeOnLoad (7ms)
				EditorAssembliesLoaded (0ms)
			ExecutionOrderSort2 (0ms)
			AwakeInstancesAfterBackupRestoration (11ms)
Platform modules already initialized, skipping
Refreshing native plugins compatible for Editor in 0.49 ms, found 3 plugins.
Preloading 0 native plugins for Editor in 0.00 ms.
Unloading 2082 Unused Serialized files (Serialized files now loaded: 0)
System memory in use before: 95.7 MB.
System memory in use after: 95.8 MB.

Unloading 16 unused Assets to reduce memory usage. Loaded Objects now: 2552.
Total: 3.679900 ms (FindLiveObjects: 0.228200 ms CreateObjectMapping: 0.075400 ms MarkObjects: 3.350400 ms  DeleteObjects: 0.024200 ms)

AssetImportParameters requested are different than current active one (requested -> active):
  custom:framework-win-MediaFoundation: 216162199b28c13a410421893ffa2e32 -> 
  custom:video-decoder-ogg-theora: a1e56fd34408186e4bbccfd4996cb3dc -> 
  custom:container-muxer-webm: aa71ff27fc2769a1b78a27578f13a17b -> 
  custom:container-demuxer-webm: 4f35f7cbe854078d1ac9338744f61a02 -> 
  custom:container-demuxer-ogg: 62fdf1f143b41e24485cea50d1cbac27 -> 
  custom:video-encoder-webm-vp8: eb34c28f22e8b96e1ab97ce403110664 -> 
  custom:video-decoder-webm-vp8: 9c59270c3fd7afecdb556c50c9e8de78 -> 
  custom:audio-decoder-ogg-vorbis: bf7c407c2cedff20999df2af8eb42d56 -> 
  custom:audio-encoder-webm-vorbis: bf7c407c2cedff20999df2af8eb42d56 -> 
========================================================================
Received Prepare
Registering precompiled user dll's ...
Registered in 0.004689 seconds.
Begin MonoManager ReloadAssembly
Native extension for WindowsStandalone target not found
Native extension for WebGL target not found
Refreshing native plugins compatible for Editor in 0.50 ms, found 3 plugins.
Preloading 0 native plugins for Editor in 0.00 ms.
Mono: successfully reloaded assembly
- Completed reload, in  1.308 seconds
Domain Reload Profiling:
	ReloadAssembly (1308ms)
		BeginReloadAssembly (116ms)
			ExecutionOrderSort (0ms)
			DisableScriptedObjects (7ms)
			BackupInstance (0ms)
			ReleaseScriptingObjects (0ms)
			CreateAndSetChildDomain (36ms)
		EndReloadAssembly (1122ms)
			LoadAssemblies (101ms)
			RebuildTransferFunctionScriptingTraits (0ms)
			SetupTypeCache (365ms)
			ReleaseScriptCaches (2ms)
			RebuildScriptCaches (72ms)
			SetupLoadedEditorAssemblies (425ms)
				LogAssemblyErrors (0ms)
				InitializePlatformSupportModulesInManaged (6ms)
				SetLoadedEditorAssemblies (0ms)
				RefreshPlugins (1ms)
				BeforeProcessingInitializeOnLoad (90ms)
				ProcessInitializeOnLoadAttributes (309ms)
				ProcessInitializeOnLoadMethodAttributes (8ms)
				AfterProcessingInitializeOnLoad (10ms)
				EditorAssembliesLoaded (0ms)
			ExecutionOrderSort2 (0ms)
			AwakeInstancesAfterBackupRestoration (13ms)
Platform modules already initialized, skipping
Refreshing native plugins compatible for Editor in 0.70 ms, found 3 plugins.
Preloading 0 native plugins for Editor in 0.00 ms.
Unloading 2082 Unused Serialized files (Serialized files now loaded: 0)
System memory in use before: 95.7 MB.
System memory in use after: 95.8 MB.

Unloading 16 unused Assets to reduce memory usage. Loaded Objects now: 2555.
Total: 3.585000 ms (FindLiveObjects: 0.221600 ms CreateObjectMapping: 0.075200 ms MarkObjects: 3.262100 ms  DeleteObjects: 0.025000 ms)

AssetImportParameters requested are different than current active one (requested -> active):
  custom:framework-win-MediaFoundation: 216162199b28c13a410421893ffa2e32 -> 
  custom:video-decoder-ogg-theora: a1e56fd34408186e4bbccfd4996cb3dc -> 
  custom:container-muxer-webm: aa71ff27fc2769a1b78a27578f13a17b -> 
  custom:container-demuxer-webm: 4f35f7cbe854078d1ac9338744f61a02 -> 
  custom:container-demuxer-ogg: 62fdf1f143b41e24485cea50d1cbac27 -> 
  custom:video-encoder-webm-vp8: eb34c28f22e8b96e1ab97ce403110664 -> 
  custom:video-decoder-webm-vp8: 9c59270c3fd7afecdb556c50c9e8de78 -> 
  custom:audio-decoder-ogg-vorbis: bf7c407c2cedff20999df2af8eb42d56 -> 
  custom:audio-encoder-webm-vorbis: bf7c407c2cedff20999df2af8eb42d56 -> 
========================================================================
Received Prepare
Registering precompiled user dll's ...
Registered in 0.005588 seconds.
Begin MonoManager ReloadAssembly
Native extension for WindowsStandalone target not found
Native extension for WebGL target not found
Refreshing native plugins compatible for Editor in 0.48 ms, found 3 plugins.
Preloading 0 native plugins for Editor in 0.00 ms.
Mono: successfully reloaded assembly
- Completed reload, in  1.226 seconds
Domain Reload Profiling:
	ReloadAssembly (1227ms)
		BeginReloadAssembly (121ms)
			ExecutionOrderSort (0ms)
			DisableScriptedObjects (7ms)
			BackupInstance (0ms)
			ReleaseScriptingObjects (0ms)
			CreateAndSetChildDomain (38ms)
		EndReloadAssembly (1037ms)
			LoadAssemblies (102ms)
			RebuildTransferFunctionScriptingTraits (0ms)
			SetupTypeCache (377ms)
			ReleaseScriptCaches (1ms)
			RebuildScriptCaches (47ms)
			SetupLoadedEditorAssemblies (397ms)
				LogAssemblyErrors (0ms)
				InitializePlatformSupportModulesInManaged (6ms)
				SetLoadedEditorAssemblies (0ms)
				RefreshPlugins (1ms)
				BeforeProcessingInitializeOnLoad (91ms)
				ProcessInitializeOnLoadAttributes (285ms)
				ProcessInitializeOnLoadMethodAttributes (6ms)
				AfterProcessingInitializeOnLoad (7ms)
				EditorAssembliesLoaded (0ms)
			ExecutionOrderSort2 (0ms)
			AwakeInstancesAfterBackupRestoration (11ms)
Platform modules already initialized, skipping
Refreshing native plugins compatible for Editor in 0.48 ms, found 3 plugins.
Preloading 0 native plugins for Editor in 0.00 ms.
Unloading 2082 Unused Serialized files (Serialized files now loaded: 0)
System memory in use before: 95.7 MB.
System memory in use after: 95.8 MB.

Unloading 16 unused Assets to reduce memory usage. Loaded Objects now: 2558.
Total: 3.451400 ms (FindLiveObjects: 0.244000 ms CreateObjectMapping: 0.112100 ms MarkObjects: 3.072700 ms  DeleteObjects: 0.021300 ms)

AssetImportParameters requested are different than current active one (requested -> active):
  custom:framework-win-MediaFoundation: 216162199b28c13a410421893ffa2e32 -> 
  custom:video-decoder-ogg-theora: a1e56fd34408186e4bbccfd4996cb3dc -> 
  custom:container-muxer-webm: aa71ff27fc2769a1b78a27578f13a17b -> 
  custom:container-demuxer-webm: 4f35f7cbe854078d1ac9338744f61a02 -> 
  custom:container-demuxer-ogg: 62fdf1f143b41e24485cea50d1cbac27 -> 
  custom:video-encoder-webm-vp8: eb34c28f22e8b96e1ab97ce403110664 -> 
  custom:video-decoder-webm-vp8: 9c59270c3fd7afecdb556c50c9e8de78 -> 
  custom:audio-decoder-ogg-vorbis: bf7c407c2cedff20999df2af8eb42d56 -> 
  custom:audio-encoder-webm-vorbis: bf7c407c2cedff20999df2af8eb42d56 -> 
========================================================================
Received Prepare
Registering precompiled user dll's ...
Registered in 0.004792 seconds.
Begin MonoManager ReloadAssembly
Native extension for WindowsStandalone target not found
Native extension for WebGL target not found
Refreshing native plugins compatible for Editor in 0.50 ms, found 3 plugins.
Preloading 0 native plugins for Editor in 0.00 ms.
Mono: successfully reloaded assembly
- Completed reload, in  1.216 seconds
Domain Reload Profiling:
	ReloadAssembly (1217ms)
		BeginReloadAssembly (132ms)
			ExecutionOrderSort (0ms)
			DisableScriptedObjects (8ms)
			BackupInstance (0ms)
			ReleaseScriptingObjects (0ms)
			CreateAndSetChildDomain (44ms)
		EndReloadAssembly (1013ms)
			LoadAssemblies (106ms)
			RebuildTransferFunctionScriptingTraits (0ms)
			SetupTypeCache (318ms)
			ReleaseScriptCaches (1ms)
			RebuildScriptCaches (48ms)
			SetupLoadedEditorAssemblies (428ms)
				LogAssemblyErrors (0ms)
				InitializePlatformSupportModulesInManaged (6ms)
				SetLoadedEditorAssemblies (0ms)
				RefreshPlugins (1ms)
				BeforeProcessingInitializeOnLoad (90ms)
				ProcessInitializeOnLoadAttributes (318ms)
				ProcessInitializeOnLoadMethodAttributes (6ms)
				AfterProcessingInitializeOnLoad (7ms)
				EditorAssembliesLoaded (0ms)
			ExecutionOrderSort2 (0ms)
			AwakeInstancesAfterBackupRestoration (12ms)
Platform modules already initialized, skipping
Refreshing native plugins compatible for Editor in 0.50 ms, found 3 plugins.
Preloading 0 native plugins for Editor in 0.00 ms.
Unloading 2082 Unused Serialized files (Serialized files now loaded: 0)
System memory in use before: 95.7 MB.
System memory in use after: 95.8 MB.

Unloading 16 unused Assets to reduce memory usage. Loaded Objects now: 2561.
Total: 3.620800 ms (FindLiveObjects: 0.268700 ms CreateObjectMapping: 0.090800 ms MarkObjects: 3.236500 ms  DeleteObjects: 0.023300 ms)

AssetImportParameters requested are different than current active one (requested -> active):
  custom:framework-win-MediaFoundation: 216162199b28c13a410421893ffa2e32 -> 
  custom:video-decoder-ogg-theora: a1e56fd34408186e4bbccfd4996cb3dc -> 
  custom:container-muxer-webm: aa71ff27fc2769a1b78a27578f13a17b -> 
  custom:container-demuxer-webm: 4f35f7cbe854078d1ac9338744f61a02 -> 
  custom:container-demuxer-ogg: 62fdf1f143b41e24485cea50d1cbac27 -> 
  custom:video-encoder-webm-vp8: eb34c28f22e8b96e1ab97ce403110664 -> 
  custom:video-decoder-webm-vp8: 9c59270c3fd7afecdb556c50c9e8de78 -> 
  custom:audio-decoder-ogg-vorbis: bf7c407c2cedff20999df2af8eb42d56 -> 
  custom:audio-encoder-webm-vorbis: bf7c407c2cedff20999df2af8eb42d56 -> 
========================================================================
Received Prepare
Registering precompiled user dll's ...
Registered in 0.007865 seconds.
Begin MonoManager ReloadAssembly
Native extension for WindowsStandalone target not found
Native extension for WebGL target not found
Refreshing native plugins compatible for Editor in 0.49 ms, found 3 plugins.
Preloading 0 native plugins for Editor in 0.00 ms.
Mono: successfully reloaded assembly
- Completed reload, in  1.252 seconds
Domain Reload Profiling:
	ReloadAssembly (1252ms)
		BeginReloadAssembly (136ms)
			ExecutionOrderSort (0ms)
			DisableScriptedObjects (8ms)
			BackupInstance (0ms)
			ReleaseScriptingObjects (0ms)
			CreateAndSetChildDomain (48ms)
		EndReloadAssembly (1041ms)
			LoadAssemblies (109ms)
			RebuildTransferFunctionScriptingTraits (0ms)
			SetupTypeCache (332ms)
			ReleaseScriptCaches (1ms)
			RebuildScriptCaches (47ms)
			SetupLoadedEditorAssemblies (438ms)
				LogAssemblyErrors (0ms)
				InitializePlatformSupportModulesInManaged (8ms)
				SetLoadedEditorAssemblies (0ms)
				RefreshPlugins (1ms)
				BeforeProcessingInitializeOnLoad (89ms)
				ProcessInitializeOnLoadAttributes (328ms)
				ProcessInitializeOnLoadMethodAttributes (5ms)
				AfterProcessingInitializeOnLoad (7ms)
				EditorAssembliesLoaded (0ms)
			ExecutionOrderSort2 (0ms)
			AwakeInstancesAfterBackupRestoration (11ms)
Platform modules already initialized, skipping
Refreshing native plugins compatible for Editor in 0.47 ms, found 3 plugins.
Preloading 0 native plugins for Editor in 0.00 ms.
Unloading 2082 Unused Serialized files (Serialized files now loaded: 0)
System memory in use before: 95.7 MB.
System memory in use after: 95.8 MB.

Unloading 16 unused Assets to reduce memory usage. Loaded Objects now: 2564.
Total: 3.712800 ms (FindLiveObjects: 0.243600 ms CreateObjectMapping: 0.086100 ms MarkObjects: 3.358900 ms  DeleteObjects: 0.022800 ms)

AssetImportParameters requested are different than current active one (requested -> active):
  custom:framework-win-MediaFoundation: 216162199b28c13a410421893ffa2e32 -> 
  custom:video-decoder-ogg-theora: a1e56fd34408186e4bbccfd4996cb3dc -> 
  custom:container-muxer-webm: aa71ff27fc2769a1b78a27578f13a17b -> 
  custom:container-demuxer-webm: 4f35f7cbe854078d1ac9338744f61a02 -> 
  custom:container-demuxer-ogg: 62fdf1f143b41e24485cea50d1cbac27 -> 
  custom:video-encoder-webm-vp8: eb34c28f22e8b96e1ab97ce403110664 -> 
  custom:video-decoder-webm-vp8: 9c59270c3fd7afecdb556c50c9e8de78 -> 
  custom:audio-decoder-ogg-vorbis: bf7c407c2cedff20999df2af8eb42d56 -> 
  custom:audio-encoder-webm-vorbis: bf7c407c2cedff20999df2af8eb42d56 -> 
========================================================================
Received Prepare
Registering precompiled user dll's ...
Registered in 0.005215 seconds.
Begin MonoManager ReloadAssembly
Native extension for WindowsStandalone target not found
Native extension for WebGL target not found
Refreshing native plugins compatible for Editor in 0.49 ms, found 3 plugins.
Preloading 0 native plugins for Editor in 0.00 ms.
Mono: successfully reloaded assembly
- Completed reload, in  1.399 seconds
Domain Reload Profiling:
	ReloadAssembly (1399ms)
		BeginReloadAssembly (218ms)
			ExecutionOrderSort (0ms)
			DisableScriptedObjects (7ms)
			BackupInstance (0ms)
			ReleaseScriptingObjects (0ms)
			CreateAndSetChildDomain (79ms)
		EndReloadAssembly (1092ms)
			LoadAssemblies (164ms)
			RebuildTransferFunctionScriptingTraits (0ms)
			SetupTypeCache (339ms)
			ReleaseScriptCaches (1ms)
			RebuildScriptCaches (46ms)
			SetupLoadedEditorAssemblies (468ms)
				LogAssemblyErrors (0ms)
				InitializePlatformSupportModulesInManaged (7ms)
				SetLoadedEditorAssemblies (0ms)
				RefreshPlugins (1ms)
				BeforeProcessingInitializeOnLoad (91ms)
				ProcessInitializeOnLoadAttributes (354ms)
				ProcessInitializeOnLoadMethodAttributes (6ms)
				AfterProcessingInitializeOnLoad (9ms)
				EditorAssembliesLoaded (0ms)
			ExecutionOrderSort2 (0ms)
			AwakeInstancesAfterBackupRestoration (12ms)
Platform modules already initialized, skipping
Refreshing native plugins compatible for Editor in 0.47 ms, found 3 plugins.
Preloading 0 native plugins for Editor in 0.00 ms.
Unloading 2082 Unused Serialized files (Serialized files now loaded: 0)
System memory in use before: 95.7 MB.
System memory in use after: 95.8 MB.

Unloading 16 unused Assets to reduce memory usage. Loaded Objects now: 2567.
Total: 3.522800 ms (FindLiveObjects: 0.210900 ms CreateObjectMapping: 0.071100 ms MarkObjects: 3.215900 ms  DeleteObjects: 0.023700 ms)

AssetImportParameters requested are different than current active one (requested -> active):
  custom:framework-win-MediaFoundation: 216162199b28c13a410421893ffa2e32 -> 
  custom:video-decoder-ogg-theora: a1e56fd34408186e4bbccfd4996cb3dc -> 
  custom:container-muxer-webm: aa71ff27fc2769a1b78a27578f13a17b -> 
  custom:container-demuxer-webm: 4f35f7cbe854078d1ac9338744f61a02 -> 
  custom:container-demuxer-ogg: 62fdf1f143b41e24485cea50d1cbac27 -> 
  custom:video-encoder-webm-vp8: eb34c28f22e8b96e1ab97ce403110664 -> 
  custom:video-decoder-webm-vp8: 9c59270c3fd7afecdb556c50c9e8de78 -> 
  custom:audio-decoder-ogg-vorbis: bf7c407c2cedff20999df2af8eb42d56 -> 
  custom:audio-encoder-webm-vorbis: bf7c407c2cedff20999df2af8eb42d56 -> 
========================================================================
Received Prepare
Registering precompiled user dll's ...
Registered in 0.006216 seconds.
Begin MonoManager ReloadAssembly
Native extension for WindowsStandalone target not found
Native extension for WebGL target not found
Refreshing native plugins compatible for Editor in 0.55 ms, found 3 plugins.
Preloading 0 native plugins for Editor in 0.00 ms.
Mono: successfully reloaded assembly
- Completed reload, in  1.394 seconds
Domain Reload Profiling:
	ReloadAssembly (1395ms)
		BeginReloadAssembly (133ms)
			ExecutionOrderSort (0ms)
			DisableScriptedObjects (8ms)
			BackupInstance (0ms)
			ReleaseScriptingObjects (0ms)
			CreateAndSetChildDomain (43ms)
		EndReloadAssembly (1181ms)
			LoadAssemblies (138ms)
			RebuildTransferFunctionScriptingTraits (0ms)
			SetupTypeCache (435ms)
			ReleaseScriptCaches (1ms)
			RebuildScriptCaches (54ms)
			SetupLoadedEditorAssemblies (422ms)
				LogAssemblyErrors (0ms)
				InitializePlatformSupportModulesInManaged (7ms)
				SetLoadedEditorAssemblies (0ms)
				RefreshPlugins (1ms)
				BeforeProcessingInitializeOnLoad (99ms)
				ProcessInitializeOnLoadAttributes (301ms)
				ProcessInitializeOnLoadMethodAttributes (5ms)
				AfterProcessingInitializeOnLoad (8ms)
				EditorAssembliesLoaded (0ms)
			ExecutionOrderSort2 (0ms)
			AwakeInstancesAfterBackupRestoration (13ms)
Platform modules already initialized, skipping
Refreshing native plugins compatible for Editor in 0.55 ms, found 3 plugins.
Preloading 0 native plugins for Editor in 0.00 ms.
Unloading 2082 Unused Serialized files (Serialized files now loaded: 0)
System memory in use before: 95.7 MB.
System memory in use after: 95.8 MB.

Unloading 16 unused Assets to reduce memory usage. Loaded Objects now: 2570.
Total: 3.383800 ms (FindLiveObjects: 0.214000 ms CreateObjectMapping: 0.074500 ms MarkObjects: 3.073400 ms  DeleteObjects: 0.020800 ms)

AssetImportParameters requested are different than current active one (requested -> active):
  custom:framework-win-MediaFoundation: 216162199b28c13a410421893ffa2e32 -> 
  custom:video-decoder-ogg-theora: a1e56fd34408186e4bbccfd4996cb3dc -> 
  custom:container-muxer-webm: aa71ff27fc2769a1b78a27578f13a17b -> 
  custom:container-demuxer-webm: 4f35f7cbe854078d1ac9338744f61a02 -> 
  custom:container-demuxer-ogg: 62fdf1f143b41e24485cea50d1cbac27 -> 
  custom:video-encoder-webm-vp8: eb34c28f22e8b96e1ab97ce403110664 -> 
  custom:video-decoder-webm-vp8: 9c59270c3fd7afecdb556c50c9e8de78 -> 
  custom:audio-decoder-ogg-vorbis: bf7c407c2cedff20999df2af8eb42d56 -> 
  custom:audio-encoder-webm-vorbis: bf7c407c2cedff20999df2af8eb42d56 -> 
========================================================================
Received Prepare
Registering precompiled user dll's ...
Registered in 0.004705 seconds.
Begin MonoManager ReloadAssembly
Native extension for WindowsStandalone target not found
Native extension for WebGL target not found
Refreshing native plugins compatible for Editor in 0.56 ms, found 3 plugins.
Preloading 0 native plugins for Editor in 0.00 ms.
Mono: successfully reloaded assembly
- Completed reload, in  1.312 seconds
Domain Reload Profiling:
	ReloadAssembly (1313ms)
		BeginReloadAssembly (117ms)
			ExecutionOrderSort (0ms)
			DisableScriptedObjects (7ms)
			BackupInstance (0ms)
			ReleaseScriptingObjects (0ms)
			CreateAndSetChildDomain (38ms)
		EndReloadAssembly (1127ms)
			LoadAssemblies (102ms)
			RebuildTransferFunctionScriptingTraits (0ms)
			SetupTypeCache (365ms)
			ReleaseScriptCaches (1ms)
			RebuildScriptCaches (48ms)
			SetupLoadedEditorAssemblies (477ms)
				LogAssemblyErrors (0ms)
				InitializePlatformSupportModulesInManaged (6ms)
				SetLoadedEditorAssemblies (0ms)
				RefreshPlugins (1ms)
				BeforeProcessingInitializeOnLoad (92ms)
				ProcessInitializeOnLoadAttributes (365ms)
				ProcessInitializeOnLoadMethodAttributes (5ms)
				AfterProcessingInitializeOnLoad (7ms)
				EditorAssembliesLoaded (0ms)
			ExecutionOrderSort2 (0ms)
			AwakeInstancesAfterBackupRestoration (20ms)
Platform modules already initialized, skipping
Refreshing native plugins compatible for Editor in 0.61 ms, found 3 plugins.
Preloading 0 native plugins for Editor in 0.00 ms.
Unloading 2082 Unused Serialized files (Serialized files now loaded: 0)
System memory in use before: 95.7 MB.
System memory in use after: 95.9 MB.

Unloading 16 unused Assets to reduce memory usage. Loaded Objects now: 2573.
Total: 4.569200 ms (FindLiveObjects: 0.500300 ms CreateObjectMapping: 0.217500 ms MarkObjects: 3.816200 ms  DeleteObjects: 0.033300 ms)

AssetImportParameters requested are different than current active one (requested -> active):
  custom:framework-win-MediaFoundation: 216162199b28c13a410421893ffa2e32 -> 
  custom:video-decoder-ogg-theora: a1e56fd34408186e4bbccfd4996cb3dc -> 
  custom:container-muxer-webm: aa71ff27fc2769a1b78a27578f13a17b -> 
  custom:container-demuxer-webm: 4f35f7cbe854078d1ac9338744f61a02 -> 
  custom:container-demuxer-ogg: 62fdf1f143b41e24485cea50d1cbac27 -> 
  custom:video-encoder-webm-vp8: eb34c28f22e8b96e1ab97ce403110664 -> 
  custom:video-decoder-webm-vp8: 9c59270c3fd7afecdb556c50c9e8de78 -> 
  custom:audio-decoder-ogg-vorbis: bf7c407c2cedff20999df2af8eb42d56 -> 
  custom:audio-encoder-webm-vorbis: bf7c407c2cedff20999df2af8eb42d56 -> 
========================================================================
Received Prepare
Registering precompiled user dll's ...
Registered in 0.005990 seconds.
Begin MonoManager ReloadAssembly
Native extension for WindowsStandalone target not found
Native extension for WebGL target not found
Refreshing native plugins compatible for Editor in 0.84 ms, found 3 plugins.
Preloading 0 native plugins for Editor in 0.00 ms.
Mono: successfully reloaded assembly
- Completed reload, in  1.650 seconds
Domain Reload Profiling:
	ReloadAssembly (1650ms)
		BeginReloadAssembly (146ms)
			ExecutionOrderSort (0ms)
			DisableScriptedObjects (9ms)
			BackupInstance (0ms)
			ReleaseScriptingObjects (0ms)
			CreateAndSetChildDomain (48ms)
		EndReloadAssembly (1415ms)
			LoadAssemblies (141ms)
			RebuildTransferFunctionScriptingTraits (0ms)
			SetupTypeCache (490ms)
			ReleaseScriptCaches (1ms)
			RebuildScriptCaches (58ms)
			SetupLoadedEditorAssemblies (584ms)
				LogAssemblyErrors (0ms)
				InitializePlatformSupportModulesInManaged (8ms)
				SetLoadedEditorAssemblies (1ms)
				RefreshPlugins (1ms)
				BeforeProcessingInitializeOnLoad (109ms)
				ProcessInitializeOnLoadAttributes (448ms)
				ProcessInitializeOnLoadMethodAttributes (7ms)
				AfterProcessingInitializeOnLoad (9ms)
				EditorAssembliesLoaded (0ms)
			ExecutionOrderSort2 (0ms)
			AwakeInstancesAfterBackupRestoration (15ms)
Platform modules already initialized, skipping
Refreshing native plugins compatible for Editor in 0.53 ms, found 3 plugins.
Preloading 0 native plugins for Editor in 0.00 ms.
Unloading 2082 Unused Serialized files (Serialized files now loaded: 0)
System memory in use before: 95.7 MB.
System memory in use after: 95.9 MB.

Unloading 16 unused Assets to reduce memory usage. Loaded Objects now: 2576.
Total: 4.378600 ms (FindLiveObjects: 0.359400 ms CreateObjectMapping: 0.148500 ms MarkObjects: 3.834100 ms  DeleteObjects: 0.034300 ms)

AssetImportParameters requested are different than current active one (requested -> active):
  custom:framework-win-MediaFoundation: 216162199b28c13a410421893ffa2e32 -> 
  custom:video-decoder-ogg-theora: a1e56fd34408186e4bbccfd4996cb3dc -> 
  custom:container-muxer-webm: aa71ff27fc2769a1b78a27578f13a17b -> 
  custom:container-demuxer-webm: 4f35f7cbe854078d1ac9338744f61a02 -> 
  custom:container-demuxer-ogg: 62fdf1f143b41e24485cea50d1cbac27 -> 
  custom:video-encoder-webm-vp8: eb34c28f22e8b96e1ab97ce403110664 -> 
  custom:video-decoder-webm-vp8: 9c59270c3fd7afecdb556c50c9e8de78 -> 
  custom:audio-decoder-ogg-vorbis: bf7c407c2cedff20999df2af8eb42d56 -> 
  custom:audio-encoder-webm-vorbis: bf7c407c2cedff20999df2af8eb42d56 -> 
AssetImportWorkerClient::OnTransportError - code=2 error=End of file
